<?xml version="1.0" encoding="UTF-8"?>
<!-- Generated by org.testng.reporters.JUnitXMLReporter -->
<testsuite hostname="X390" ignored="0" name="Test" tests="4" failures="0" timestamp="08 Sep 2020 16:15:18 GMT" time="109.273" errors="0">
  <testcase name="totalValudation" time="30.774" classname="practise.AppiumFramework.Check_amount_money"/>
  <testcase name="totalValudation" time="29.172" classname="practise.AppiumFramework.Check_amount_money3"/>
  <testcase name="totalValudation" time="27.003" classname="practise.AppiumFramework.Check_amount_money3"/>
  <testcase name="apiDemo" time="14.274" classname="practise.AppiumFramework.scrollingDown"/>
</testsuite> <!-- Test -->
