<?xml version="1.0" encoding="UTF-8"?>
<!-- Generated by org.testng.reporters.JUnitXMLReporter -->
<testsuite hostname="X390" ignored="0" name="Test" tests="4" failures="0" timestamp="08 Sep 2020 00:06:01 GMT" time="95.905" errors="0">
  <testcase name="totalValudation" time="26.706" classname="practise.AppiumFramework.Check_amount_money"/>
  <testcase name="totalValudation" time="25.134" classname="practise.AppiumFramework.Check_amount_money3"/>
  <testcase name="totalValudation" time="24.706" classname="practise.AppiumFramework.Check_amount_money3"/>
  <testcase name="apiDemo" time="11.323" classname="practise.AppiumFramework.scrollingDown"/>
</testsuite> <!-- Test -->
