<?xml version="1.0" encoding="UTF-8"?>
<testng-results skipped="0" failed="0" ignored="0" total="4" passed="4">
  <reporter-output>
  </reporter-output>
  <suite name="Suite" duration-ms="109273" started-at="2020-09-08T16:13:28Z" finished-at="2020-09-08T16:15:18Z">
    <groups>
    </groups>
    <test name="Test" duration-ms="109273" started-at="2020-09-08T16:13:28Z" finished-at="2020-09-08T16:15:18Z">
      <class name="practise.AppiumFramework.Check_amount_money">
        <test-method status="PASS" signature="KillAllNode()[pri:0, instance:practise.AppiumFramework.Check_amount_money@56528192]" name="KillAllNode" is-config="true" duration-ms="4019" started-at="2020-09-08T16:13:28Z" finished-at="2020-09-08T16:13:32Z">
          <reporter-output>
          </reporter-output>
        </test-method> <!-- KillAllNode -->
        <test-method status="PASS" signature="KillAllNode()[pri:0, instance:practise.AppiumFramework.Check_amount_money3@6e0dec4a]" name="KillAllNode" is-config="true" duration-ms="4003" started-at="2020-09-08T16:13:32Z" finished-at="2020-09-08T16:13:36Z">
          <reporter-output>
          </reporter-output>
        </test-method> <!-- KillAllNode -->
        <test-method status="PASS" signature="totalValudation()[pri:0, instance:practise.AppiumFramework.Check_amount_money@56528192]" name="totalValudation" duration-ms="30774" started-at="2020-09-08T16:13:36Z" finished-at="2020-09-08T16:14:07Z">
          <reporter-output>
          </reporter-output>
        </test-method> <!-- totalValudation -->
      </class> <!-- practise.AppiumFramework.Check_amount_money -->
      <class name="practise.AppiumFramework.scrollingDown">
        <test-method status="PASS" signature="apiDemo()[pri:0, instance:practise.AppiumFramework.scrollingDown@96def03]" name="apiDemo" duration-ms="14274" started-at="2020-09-08T16:15:03Z" finished-at="2020-09-08T16:15:18Z">
          <reporter-output>
          </reporter-output>
        </test-method> <!-- apiDemo -->
      </class> <!-- practise.AppiumFramework.scrollingDown -->
      <class name="practise.AppiumFramework.Check_amount_money3">
        <test-method status="PASS" signature="totalValudation(java.lang.String)[pri:0, instance:practise.AppiumFramework.Check_amount_money3@6e0dec4a]" name="totalValudation" duration-ms="29172" started-at="2020-09-08T16:14:07Z" data-provider="InputData" finished-at="2020-09-08T16:14:36Z">
          <params>
            <param index="0">
              <value>
                <![CDATA[Hello2]]>
              </value>
            </param>
          </params>
          <reporter-output>
          </reporter-output>
        </test-method> <!-- totalValudation -->
        <test-method status="PASS" signature="totalValudation(java.lang.String)[pri:0, instance:practise.AppiumFramework.Check_amount_money3@6e0dec4a]" name="totalValudation" duration-ms="27003" started-at="2020-09-08T16:14:36Z" data-provider="InputData" finished-at="2020-09-08T16:15:03Z">
          <params>
            <param index="0">
              <value>
                <![CDATA[!@#@#$#@5676]]>
              </value>
            </param>
          </params>
          <reporter-output>
          </reporter-output>
        </test-method> <!-- totalValudation -->
      </class> <!-- practise.AppiumFramework.Check_amount_money3 -->
    </test> <!-- Test -->
  </suite> <!-- Suite -->
</testng-results>
